action: ansible29-sudoers-docker, msg: envreport
cwd: /home/ghelling/src/ansible_collections/devroles/system
cmd: /home/ghelling/src/ansible_collections/devroles/system/.tox/ansible/bin/python -m pip freeze
ansible==2.9.2
ansible-lint==4.2.0
anyconfig==0.9.7
appdirs==1.4.3
arrow==0.15.5
aspy.yaml==1.3.0
attrs==19.3.0
bcrypt==3.1.7
binaryornot==0.4.4
Cerberus==1.3.2
certifi==2019.11.28
cffi==1.13.2
cfgv==2.0.1
chardet==3.0.4
Click==7.0
click-completion==0.5.2
colorama==0.4.3
cookiecutter==1.7.0
cryptography==2.8
decorator==4.4.1
docker==4.1.0
dogpile.cache==0.9.0
entrypoints==0.3
fasteners==0.15
flake8==3.7.9
future==0.18.2
git-url-parse==1.2.2
identify==1.4.9
idna==2.8
importlib-metadata==1.4.0
iso8601==0.1.12
Jinja2==2.10.3
jinja2-time==0.2.0
jmespath==0.9.4
jsonpatch==1.24
jsonpointer==2.0
keystoneauth1==3.18.0
MarkupSafe==1.1.1
mccabe==0.6.1
molecule==2.22
monotonic==1.5
more-itertools==8.1.0
munch==2.5.0
netifaces==0.10.9
nodeenv==1.3.4
openstacksdk==0.39.0
os-client-config==2.0.0
os-service-types==1.7.0
packaging==20.0
paramiko==2.7.1
pathspec==0.7.0
pbr==5.4.4
pexpect==4.7.0
pluggy==0.13.1
poyo==0.5.0
pre-commit==1.21.0
psutil==5.6.7
ptyprocess==0.6.0
py==1.8.1
pycodestyle==2.5.0
pycparser==2.19
pyflakes==2.1.1
PyNaCl==1.3.0
pyparsing==2.4.6
pytest==5.3.2
python-dateutil==2.8.1
python-gilt==1.2.1
PyYAML==5.3
requests==2.22.0
requestsexceptions==1.4.0
ruamel.yaml==0.16.5
ruamel.yaml.clib==0.2.0
sh==1.12.14
shade==1.32.0
shellingham==1.3.1
six==1.13.0
stevedore==1.31.0
tabulate==0.8.6
testinfra==3.4.0
toml==0.10.0
tree-format==0.1.2
urllib3==1.25.7
virtualenv==16.7.9
wcwidth==0.1.8
websocket-client==0.57.0
whichcraft==0.6.1
yamllint==1.20.0
zipp==0.6.0
