action: ansible29-sudoers-docker, msg: getenv
cwd: /home/ghelling/src/ansible_collections/devroles/system
cmd: /home/ghelling/src/ansible_collections/devroles/system/.tox/ansible/bin/python -m pip install molecule shade docker 'ansible==2.9.*'
Collecting molecule
  Using cached https://files.pythonhosted.org/packages/af/be/3084cbedc051e179062cf887fd5933c1c5f1031200f62f718048f36dc604/molecule-2.22-py2.py3-none-any.whl
Collecting shade
  Using cached https://files.pythonhosted.org/packages/2d/9d/0cd86ac78e213d7f8b59dc7941d18e87f35a233be39d6137a10cb0982a8c/shade-1.32.0-py2.py3-none-any.whl
Collecting docker
  Using cached https://files.pythonhosted.org/packages/cc/ca/699d4754a932787ef353a157ada74efd1ceb6d1fc0bfb7989ae1e7b33111/docker-4.1.0-py2.py3-none-any.whl
Collecting ansible==2.9.*
Collecting PyYAML<6,>=5.1 (from molecule)
Collecting colorama>=0.3.9 (from molecule)
  Using cached https://files.pythonhosted.org/packages/c9/dc/45cdef1b4d119eb96316b3117e6d5708a08029992b2fee2c143c7a0a5cc5/colorama-0.4.3-py2.py3-none-any.whl
Collecting six>=1.11.0 (from molecule)
  Using cached https://files.pythonhosted.org/packages/65/26/32b8464df2a97e6dd1b656ed26b2c194606c16fe163c695a992b36c11cdf/six-1.13.0-py2.py3-none-any.whl
Collecting click>=6.7 (from molecule)
  Using cached https://files.pythonhosted.org/packages/fa/37/45185cb5abbc30d7257104c434fe0b07e5a195a6847506c074527aa599ec/Click-7.0-py2.py3-none-any.whl
Collecting testinfra<4,>=3.0.6 (from molecule)
  Using cached https://files.pythonhosted.org/packages/47/24/bb7ecf7e36170b1a9d62e73152c10f86ac5b08241d0eaa2cfa6ba367a72b/testinfra-3.4.0-py2.py3-none-any.whl
Collecting pexpect<5,>=4.6.0 (from molecule)
  Using cached https://files.pythonhosted.org/packages/0e/3e/377007e3f36ec42f1b84ec322ee12141a9e10d808312e5738f52f80a232c/pexpect-4.7.0-py2.py3-none-any.whl
Collecting Jinja2>=2.10.1 (from molecule)
  Using cached https://files.pythonhosted.org/packages/65/e0/eb35e762802015cab1ccee04e8a277b03f1d8e53da3ec3106882ec42558b/Jinja2-2.10.3-py2.py3-none-any.whl
Collecting tabulate>=0.8.3 (from molecule)
Collecting ansible-lint<5,>=4.0.2 (from molecule)
  Using cached https://files.pythonhosted.org/packages/13/26/3dbb5aee479c3e60b97ebbadeeec2eb0fa610985e3c94c3c472b02991dbf/ansible_lint-4.2.0-py2.py3-none-any.whl
Collecting cerberus>=1.3.1 (from molecule)
Collecting cookiecutter>=1.6.0 (from molecule)
  Using cached https://files.pythonhosted.org/packages/86/c9/7184edfb0e89abedc37211743d1420810f6b49ae4fa695dfc443c273470d/cookiecutter-1.7.0-py2.py3-none-any.whl
Collecting python-gilt<2,>=1.2.1 (from molecule)
  Using cached https://files.pythonhosted.org/packages/d5/8b/aafb0d991763df480dc149b8c034b57ea42d7de4ef8d5b5137c6f38105a6/python_gilt-1.2.1-py3-none-any.whl
Collecting flake8>=3.6.0 (from molecule)
  Using cached https://files.pythonhosted.org/packages/f8/1f/7ea40d1e4146ea55dbab41cda1376db092a75794914169aabd7e8d7a7def/flake8-3.7.9-py2.py3-none-any.whl
Collecting tree-format>=0.1.2 (from molecule)
Collecting paramiko<3,>=2.5.0 (from molecule)
  Using cached https://files.pythonhosted.org/packages/06/1e/1e08baaaf6c3d3df1459fd85f0e7d2d6aa916f33958f151ee1ecc9800971/paramiko-2.7.1-py2.py3-none-any.whl
Collecting anyconfig==0.9.7 (from molecule)
Collecting pre-commit<2,>=1.17.0 (from molecule)
  Using cached https://files.pythonhosted.org/packages/df/30/22425aa6680370ba06de107e82eb3fc6159f462619b941241e96dd6bd79b/pre_commit-1.21.0-py2.py3-none-any.whl
Collecting sh>=1.12.14 (from molecule)
  Using cached https://files.pythonhosted.org/packages/4a/22/17b22ef5b049f12080f5815c41bf94de3c229217609e469001a8f80c1b3d/sh-1.12.14-py2.py3-none-any.whl
Collecting yamllint<2,>=1.15.0 (from molecule)
  Using cached https://files.pythonhosted.org/packages/0f/3e/a3d6c73d8e7aee22faba6d96f9b8e24a5db425f42851922aa99e1bef328a/yamllint-1.20.0-py2.py3-none-any.whl
Collecting psutil<6,>=5.4.6; sys_platform != "win32" and sys_platform != "cygwin" (from molecule)
Collecting click-completion>=0.3.1 (from molecule)
Collecting openstacksdk>=0.15.0 (from shade)
  Using cached https://files.pythonhosted.org/packages/bb/14/cefb9f9529da66f9bf144031df8bd9938ebe8cd30f3eb518d201f21b6bc0/openstacksdk-0.39.0-py2.py3-none-any.whl
Collecting os-client-config>=1.28.0 (from shade)
  Using cached https://files.pythonhosted.org/packages/1b/bf/66b7e355f9de07644f8778f8d418fb6ed66e65ca8ad39b85a39358f6b955/os_client_config-2.0.0-py2.py3-none-any.whl
Collecting pbr!=2.1.0,>=2.0.0 (from shade)
  Using cached https://files.pythonhosted.org/packages/7a/db/a968fd7beb9fe06901c1841cb25c9ccb666ca1b9a19b114d1bbedf1126fc/pbr-5.4.4-py2.py3-none-any.whl
Collecting requests!=2.18.0,>=2.14.2 (from docker)
  Using cached https://files.pythonhosted.org/packages/51/bd/23c926cd341ea6b7dd0b2a00aba99ae0f828be89d72b2190f27c11d4b7fb/requests-2.22.0-py2.py3-none-any.whl
Collecting websocket-client>=0.32.0 (from docker)
  Using cached https://files.pythonhosted.org/packages/4c/5f/f61b420143ed1c8dc69f9eaec5ff1ac36109d52c80de49d66e0c36c3dfdf/websocket_client-0.57.0-py2.py3-none-any.whl
Collecting cryptography (from ansible==2.9.*)
  Using cached https://files.pythonhosted.org/packages/ca/9a/7cece52c46546e214e10811b36b2da52ce1ea7fa203203a629b8dfadad53/cryptography-2.8-cp34-abi3-manylinux2010_x86_64.whl
Collecting pytest!=3.0.2 (from testinfra<4,>=3.0.6->molecule)
  Using cached https://files.pythonhosted.org/packages/19/cf/711f1d887cb92c5155c9a1eb338f1b5d2411b50e4492a3b20e4a188a22b2/pytest-5.3.2-py3-none-any.whl
Collecting ptyprocess>=0.5 (from pexpect<5,>=4.6.0->molecule)
  Using cached https://files.pythonhosted.org/packages/d1/29/605c2cc68a9992d18dada28206eeada56ea4bd07a239669da41674648b6f/ptyprocess-0.6.0-py2.py3-none-any.whl
Collecting MarkupSafe>=0.23 (from Jinja2>=2.10.1->molecule)
  Using cached https://files.pythonhosted.org/packages/98/7b/ff284bd8c80654e471b769062a9b43cc5d03e7a615048d96f4619df8d420/MarkupSafe-1.1.1-cp37-cp37m-manylinux1_x86_64.whl
Collecting ruamel.yaml<1,>=0.15.37; python_version >= "3.7" (from ansible-lint<5,>=4.0.2->molecule)
  Using cached https://files.pythonhosted.org/packages/fa/90/ecff85a2e9c497e2fa7142496e10233556b5137db5bd46f3f3b006935ca8/ruamel.yaml-0.16.5-py2.py3-none-any.whl
Requirement already satisfied: setuptools in ./.tox/ansible/lib/python3.7/site-packages (from cerberus>=1.3.1->molecule) (41.2.0)
Collecting poyo>=0.1.0 (from cookiecutter>=1.6.0->molecule)
  Using cached https://files.pythonhosted.org/packages/42/50/0b0820601bde2eda403f47b9a4a1f270098ed0dd4c00c443d883164bdccc/poyo-0.5.0-py2.py3-none-any.whl
Collecting jinja2-time>=0.1.0 (from cookiecutter>=1.6.0->molecule)
  Using cached https://files.pythonhosted.org/packages/6a/a1/d44fa38306ffa34a7e1af09632b158e13ec89670ce491f8a15af3ebcb4e4/jinja2_time-0.2.0-py2.py3-none-any.whl
Collecting whichcraft>=0.4.0 (from cookiecutter>=1.6.0->molecule)
  Using cached https://files.pythonhosted.org/packages/b5/a2/81887a0dae2e4d2adc70d9a3557fdda969f863ced51cd3c47b587d25bce5/whichcraft-0.6.1-py2.py3-none-any.whl
Collecting binaryornot>=0.2.0 (from cookiecutter>=1.6.0->molecule)
  Using cached https://files.pythonhosted.org/packages/24/7e/f7b6f453e6481d1e233540262ccbfcf89adcd43606f44a028d7f5fae5eb2/binaryornot-0.4.4-py2.py3-none-any.whl
Collecting future>=0.15.2 (from cookiecutter>=1.6.0->molecule)
Collecting git-url-parse (from python-gilt<2,>=1.2.1->molecule)
  Using cached https://files.pythonhosted.org/packages/ba/88/f58232bf654417831c9b25bf848bc015ed896c944e7c078a8e7626afe52c/git_url_parse-1.2.2-py3-none-any.whl
Collecting fasteners (from python-gilt<2,>=1.2.1->molecule)
  Using cached https://files.pythonhosted.org/packages/18/bd/55eb2d6397b9c0e263af9d091ebdb756b15756029b3cededf6461481bc63/fasteners-0.15-py2.py3-none-any.whl
Collecting pycodestyle<2.6.0,>=2.5.0 (from flake8>=3.6.0->molecule)
  Using cached https://files.pythonhosted.org/packages/0e/0c/04a353e104d2f324f8ee5f4b32012618c1c86dd79e52a433b64fceed511b/pycodestyle-2.5.0-py2.py3-none-any.whl
Collecting entrypoints<0.4.0,>=0.3.0 (from flake8>=3.6.0->molecule)
  Using cached https://files.pythonhosted.org/packages/ac/c6/44694103f8c221443ee6b0041f69e2740d89a25641e62fb4f2ee568f2f9c/entrypoints-0.3-py2.py3-none-any.whl
Collecting mccabe<0.7.0,>=0.6.0 (from flake8>=3.6.0->molecule)
  Using cached https://files.pythonhosted.org/packages/87/89/479dc97e18549e21354893e4ee4ef36db1d237534982482c3681ee6e7b57/mccabe-0.6.1-py2.py3-none-any.whl
Collecting pyflakes<2.2.0,>=2.1.0 (from flake8>=3.6.0->molecule)
  Using cached https://files.pythonhosted.org/packages/84/f2/ed0ffb887f8138a8fe5a621b8c0bb9598bfb3989e029f6c6a85ee66628ee/pyflakes-2.1.1-py2.py3-none-any.whl
Collecting bcrypt>=3.1.3 (from paramiko<3,>=2.5.0->molecule)
  Using cached https://files.pythonhosted.org/packages/8b/1d/82826443777dd4a624e38a08957b975e75df859b381ae302cfd7a30783ed/bcrypt-3.1.7-cp34-abi3-manylinux1_x86_64.whl
Collecting pynacl>=1.0.1 (from paramiko<3,>=2.5.0->molecule)
  Using cached https://files.pythonhosted.org/packages/27/15/2cd0a203f318c2240b42cd9dd13c931ddd61067809fee3479f44f086103e/PyNaCl-1.3.0-cp34-abi3-manylinux1_x86_64.whl
Collecting virtualenv>=15.2 (from pre-commit<2,>=1.17.0->molecule)
  Using cached https://files.pythonhosted.org/packages/05/f1/2e07e8ca50e047b9cc9ad56cf4291f4e041fa73207d000a095fe478abf84/virtualenv-16.7.9-py2.py3-none-any.whl
Collecting cfgv>=2.0.0 (from pre-commit<2,>=1.17.0->molecule)
  Using cached https://files.pythonhosted.org/packages/6e/ff/2e6bcaff26058200717c469a0910da96c89bb00e9cc31b68aa0bfc9b1b0d/cfgv-2.0.1-py2.py3-none-any.whl
Collecting nodeenv>=0.11.1 (from pre-commit<2,>=1.17.0->molecule)
  Using cached https://files.pythonhosted.org/packages/18/04/2683fe139a9be4d5df02e696f2ed0318ded368feb9e9bbe581611c47e337/nodeenv-1.3.4-py2.py3-none-any.whl
Collecting importlib-metadata; python_version < "3.8" (from pre-commit<2,>=1.17.0->molecule)
  Using cached https://files.pythonhosted.org/packages/d7/31/74dcb59a601b95fce3b0334e8fc9db758f78e43075f22aeb3677dfb19f4c/importlib_metadata-1.4.0-py2.py3-none-any.whl
Collecting identify>=1.0.0 (from pre-commit<2,>=1.17.0->molecule)
  Using cached https://files.pythonhosted.org/packages/10/ce/453f059155651fcf3cffb97e627343a9eb605bc9171fca235ddd0a75433d/identify-1.4.9-py2.py3-none-any.whl
Collecting toml (from pre-commit<2,>=1.17.0->molecule)
  Using cached https://files.pythonhosted.org/packages/a2/12/ced7105d2de62fa7c8fb5fce92cc4ce66b57c95fb875e9318dba7f8c5db0/toml-0.10.0-py2.py3-none-any.whl
Collecting aspy.yaml (from pre-commit<2,>=1.17.0->molecule)
  Using cached https://files.pythonhosted.org/packages/99/ce/78be097b00817ccf02deaf481eb7a603eecee6fa216e82fa7848cd265449/aspy.yaml-1.3.0-py2.py3-none-any.whl
Collecting pathspec>=0.5.3 (from yamllint<2,>=1.15.0->molecule)
  Using cached https://files.pythonhosted.org/packages/34/fa/c5cc4f796eb954b56fd1f6c7c315647b18b027e0736c9ae87b73bbb1f933/pathspec-0.7.0-py2.py3-none-any.whl
Collecting shellingham (from click-completion>=0.3.1->molecule)
  Using cached https://files.pythonhosted.org/packages/2d/ac/e8a34d4b3d24bf554f40651b2aac549a3fc7223725bf10fbdfe2083b6372/shellingham-1.3.1-py2.py3-none-any.whl
Collecting iso8601>=0.1.11 (from openstacksdk>=0.15.0->shade)
  Using cached https://files.pythonhosted.org/packages/ef/57/7162609dab394d38bbc7077b7ba0a6f10fb09d8b7701ea56fa1edc0c4345/iso8601-0.1.12-py2.py3-none-any.whl
Collecting appdirs>=1.3.0 (from openstacksdk>=0.15.0->shade)
  Using cached https://files.pythonhosted.org/packages/56/eb/810e700ed1349edde4cbdc1b2a21e28cdf115f9faf263f6bbf8447c1abf3/appdirs-1.4.3-py2.py3-none-any.whl
Collecting os-service-types>=1.7.0 (from openstacksdk>=0.15.0->shade)
  Using cached https://files.pythonhosted.org/packages/10/2d/318b2b631f68e0fc221ba8f45d163bf810cdb795cf242fe85ad3e5d45639/os_service_types-1.7.0-py2.py3-none-any.whl
Collecting munch>=2.1.0 (from openstacksdk>=0.15.0->shade)
  Using cached https://files.pythonhosted.org/packages/cc/ab/85d8da5c9a45e072301beb37ad7f833cd344e04c817d97e0cc75681d248f/munch-2.5.0-py2.py3-none-any.whl
Collecting jmespath>=0.9.0 (from openstacksdk>=0.15.0->shade)
  Using cached https://files.pythonhosted.org/packages/83/94/7179c3832a6d45b266ddb2aac329e101367fbdb11f425f13771d27f225bb/jmespath-0.9.4-py2.py3-none-any.whl
Collecting decorator>=3.4.0 (from openstacksdk>=0.15.0->shade)
  Using cached https://files.pythonhosted.org/packages/8f/b7/f329cfdc75f3d28d12c65980e4469e2fa373f1953f5df6e370e84ea2e875/decorator-4.4.1-py2.py3-none-any.whl
Collecting netifaces>=0.10.4 (from openstacksdk>=0.15.0->shade)
Collecting dogpile.cache>=0.6.5 (from openstacksdk>=0.15.0->shade)
Collecting keystoneauth1>=3.18.0 (from openstacksdk>=0.15.0->shade)
  Using cached https://files.pythonhosted.org/packages/97/f6/6d17bcad6eff1561e3cfde1ea4d1d6bb9aac612b3fdfe78ec5049d01694e/keystoneauth1-3.18.0-py2.py3-none-any.whl
Collecting jsonpatch!=1.20,>=1.16 (from openstacksdk>=0.15.0->shade)
  Using cached https://files.pythonhosted.org/packages/86/7e/035d19a73306278673039f0805b863be8798057cc1b4008b9c8c7d1d32a3/jsonpatch-1.24-py2.py3-none-any.whl
Collecting requestsexceptions>=1.2.0 (from openstacksdk>=0.15.0->shade)
  Using cached https://files.pythonhosted.org/packages/01/8c/49ca60ea8c907260da4662582c434bec98716177674e88df3fd340acf06d/requestsexceptions-1.4.0-py2.py3-none-any.whl
Collecting urllib3!=1.25.0,!=1.25.1,<1.26,>=1.21.1 (from requests!=2.18.0,>=2.14.2->docker)
  Using cached https://files.pythonhosted.org/packages/b4/40/a9837291310ee1ccc242ceb6ebfd9eb21539649f193a7c8c86ba15b98539/urllib3-1.25.7-py2.py3-none-any.whl
Collecting chardet<3.1.0,>=3.0.2 (from requests!=2.18.0,>=2.14.2->docker)
  Using cached https://files.pythonhosted.org/packages/bc/a9/01ffebfb562e4274b6487b4bb1ddec7ca55ec7510b22e4c51f14098443b8/chardet-3.0.4-py2.py3-none-any.whl
Collecting certifi>=2017.4.17 (from requests!=2.18.0,>=2.14.2->docker)
  Using cached https://files.pythonhosted.org/packages/b9/63/df50cac98ea0d5b006c55a399c3bf1db9da7b5a24de7890bc9cfd5dd9e99/certifi-2019.11.28-py2.py3-none-any.whl
Collecting idna<2.9,>=2.5 (from requests!=2.18.0,>=2.14.2->docker)
  Using cached https://files.pythonhosted.org/packages/14/2c/cd551d81dbe15200be1cf41cd03869a46fe7226e7450af7a6545bfc474c9/idna-2.8-py2.py3-none-any.whl
Collecting cffi!=1.11.3,>=1.8 (from cryptography->ansible==2.9.*)
  Using cached https://files.pythonhosted.org/packages/16/cd/1f4ddf6be8300713c676bb9f3a2d3b8eb8accc0a6a24f57d4f6c4cd59d34/cffi-1.13.2-cp37-cp37m-manylinux1_x86_64.whl
Collecting py>=1.5.0 (from pytest!=3.0.2->testinfra<4,>=3.0.6->molecule)
  Using cached https://files.pythonhosted.org/packages/99/8d/21e1767c009211a62a8e3067280bfce76e89c9f876180308515942304d2d/py-1.8.1-py2.py3-none-any.whl
Collecting more-itertools>=4.0.0 (from pytest!=3.0.2->testinfra<4,>=3.0.6->molecule)
  Using cached https://files.pythonhosted.org/packages/bc/e2/3206a70758a21f9878fcf9478282bb68fbc66a5564718f9ed724c3f2bb52/more_itertools-8.1.0-py3-none-any.whl
Collecting packaging (from pytest!=3.0.2->testinfra<4,>=3.0.6->molecule)
  Using cached https://files.pythonhosted.org/packages/d8/5b/3098db49a61ccc8583ffead6aedc226f08ff56dc03106b6ec54451e27a30/packaging-20.0-py2.py3-none-any.whl
Collecting wcwidth (from pytest!=3.0.2->testinfra<4,>=3.0.6->molecule)
  Using cached https://files.pythonhosted.org/packages/58/b4/4850a0ccc6f567cc0ebe7060d20ffd4258b8210efadc259da62dc6ed9c65/wcwidth-0.1.8-py2.py3-none-any.whl
Collecting pluggy<1.0,>=0.12 (from pytest!=3.0.2->testinfra<4,>=3.0.6->molecule)
  Using cached https://files.pythonhosted.org/packages/a0/28/85c7aa31b80d150b772fbe4a229487bc6644da9ccb7e427dd8cc60cb8a62/pluggy-0.13.1-py2.py3-none-any.whl
Collecting attrs>=17.4.0 (from pytest!=3.0.2->testinfra<4,>=3.0.6->molecule)
  Using cached https://files.pythonhosted.org/packages/a2/db/4313ab3be961f7a763066401fb77f7748373b6094076ae2bda2806988af6/attrs-19.3.0-py2.py3-none-any.whl
Collecting ruamel.yaml.clib>=0.1.2; platform_python_implementation == "CPython" and python_version < "3.8" (from ruamel.yaml<1,>=0.15.37; python_version >= "3.7"->ansible-lint<5,>=4.0.2->molecule)
  Using cached https://files.pythonhosted.org/packages/40/80/da16b691d5e259dd9919a10628e541fca321cb4b078fbb88e1c7c22aa42d/ruamel.yaml.clib-0.2.0-cp37-cp37m-manylinux1_x86_64.whl
Collecting arrow (from jinja2-time>=0.1.0->cookiecutter>=1.6.0->molecule)
  Using cached https://files.pythonhosted.org/packages/92/fa/f84896dede5decf284e6922134bf03fd26c90870bbf8015f4e8ee2a07bcc/arrow-0.15.5-py2.py3-none-any.whl
Collecting monotonic>=0.1 (from fasteners->python-gilt<2,>=1.2.1->molecule)
  Using cached https://files.pythonhosted.org/packages/ac/aa/063eca6a416f397bd99552c534c6d11d57f58f2e94c14780f3bbf818c4cf/monotonic-1.5-py2.py3-none-any.whl
Collecting zipp>=0.5 (from importlib-metadata; python_version < "3.8"->pre-commit<2,>=1.17.0->molecule)
  Using cached https://files.pythonhosted.org/packages/74/3d/1ee25a26411ba0401b43c6376d2316a71addcc72ef8690b101b4ea56d76a/zipp-0.6.0-py2.py3-none-any.whl
Collecting stevedore>=1.20.0 (from keystoneauth1>=3.18.0->openstacksdk>=0.15.0->shade)
  Using cached https://files.pythonhosted.org/packages/b1/e1/f5ddbd83f60b03f522f173c03e406c1bff8343f0232a292ac96aa633b47a/stevedore-1.31.0-py2.py3-none-any.whl
Collecting jsonpointer>=1.9 (from jsonpatch!=1.20,>=1.16->openstacksdk>=0.15.0->shade)
  Using cached https://files.pythonhosted.org/packages/18/b0/a80d29577c08eea401659254dfaed87f1af45272899e1812d7e01b679bc5/jsonpointer-2.0-py2.py3-none-any.whl
Collecting pycparser (from cffi!=1.11.3,>=1.8->cryptography->ansible==2.9.*)
Collecting pyparsing>=2.0.2 (from packaging->pytest!=3.0.2->testinfra<4,>=3.0.6->molecule)
  Using cached https://files.pythonhosted.org/packages/5d/bc/1e58593167fade7b544bfe9502a26dc860940a79ab306e651e7f13be68c2/pyparsing-2.4.6-py2.py3-none-any.whl
Collecting python-dateutil (from arrow->jinja2-time>=0.1.0->cookiecutter>=1.6.0->molecule)
  Using cached https://files.pythonhosted.org/packages/d4/70/d60450c3dd48ef87586924207ae8907090de0b306af2bce5d134d78615cb/python_dateutil-2.8.1-py2.py3-none-any.whl
Installing collected packages: MarkupSafe, Jinja2, PyYAML, six, pycparser, cffi, cryptography, ansible, colorama, click, py, more-itertools, pyparsing, packaging, wcwidth, zipp, importlib-metadata, pluggy, attrs, pytest, testinfra, ptyprocess, pexpect, tabulate, ruamel.yaml.clib, ruamel.yaml, ansible-lint, cerberus, poyo, python-dateutil, arrow, jinja2-time, urllib3, chardet, certifi, idna, requests, whichcraft, binaryornot, future, cookiecutter, sh, pbr, git-url-parse, monotonic, fasteners, python-gilt, pycodestyle, entrypoints, mccabe, pyflakes, flake8, tree-format, bcrypt, pynacl, paramiko, anyconfig, virtualenv, cfgv, nodeenv, identify, toml, aspy.yaml, pre-commit, pathspec, yamllint, psutil, shellingham, click-completion, molecule, iso8601, appdirs, os-service-types, munch, jmespath, decorator, netifaces, dogpile.cache, stevedore, keystoneauth1, jsonpointer, jsonpatch, requestsexceptions, openstacksdk, os-client-config, shade, websocket-client, docker
Successfully installed Jinja2-2.10.3 MarkupSafe-1.1.1 PyYAML-5.3 ansible-2.9.2 ansible-lint-4.2.0 anyconfig-0.9.7 appdirs-1.4.3 arrow-0.15.5 aspy.yaml-1.3.0 attrs-19.3.0 bcrypt-3.1.7 binaryornot-0.4.4 cerberus-1.3.2 certifi-2019.11.28 cffi-1.13.2 cfgv-2.0.1 chardet-3.0.4 click-7.0 click-completion-0.5.2 colorama-0.4.3 cookiecutter-1.7.0 cryptography-2.8 decorator-4.4.1 docker-4.1.0 dogpile.cache-0.9.0 entrypoints-0.3 fasteners-0.15 flake8-3.7.9 future-0.18.2 git-url-parse-1.2.2 identify-1.4.9 idna-2.8 importlib-metadata-1.4.0 iso8601-0.1.12 jinja2-time-0.2.0 jmespath-0.9.4 jsonpatch-1.24 jsonpointer-2.0 keystoneauth1-3.18.0 mccabe-0.6.1 molecule-2.22 monotonic-1.5 more-itertools-8.1.0 munch-2.5.0 netifaces-0.10.9 nodeenv-1.3.4 openstacksdk-0.39.0 os-client-config-2.0.0 os-service-types-1.7.0 packaging-20.0 paramiko-2.7.1 pathspec-0.7.0 pbr-5.4.4 pexpect-4.7.0 pluggy-0.13.1 poyo-0.5.0 pre-commit-1.21.0 psutil-5.6.7 ptyprocess-0.6.0 py-1.8.1 pycodestyle-2.5.0 pycparser-2.19 pyflakes-2.1.1 pynacl-1.3.0 pyparsing-2.4.6 pytest-5.3.2 python-dateutil-2.8.1 python-gilt-1.2.1 requests-2.22.0 requestsexceptions-1.4.0 ruamel.yaml-0.16.5 ruamel.yaml.clib-0.2.0 sh-1.12.14 shade-1.32.0 shellingham-1.3.1 six-1.13.0 stevedore-1.31.0 tabulate-0.8.6 testinfra-3.4.0 toml-0.10.0 tree-format-0.1.2 urllib3-1.25.7 virtualenv-16.7.9 wcwidth-0.1.8 websocket-client-0.57.0 whichcraft-0.6.1 yamllint-1.20.0 zipp-0.6.0
WARNING: You are using pip version 19.1.1, however version 19.3.1 is available.
You should consider upgrading via the 'pip install --upgrade pip' command.
